2025-07-03 14:19:59 [DEBUG] Validating model JSON against BIDS Stats Model schema
2025-07-03 14:19:59 [DEBUG] Running command: python3 validate_bids_model.py /Volumes/Thunder/138/derivatives/models/model_d1.json
2025-07-03 14:19:59 [ERROR] Command failed: Command '['python3', 'validate_bids_model.py', '/Volumes/Thunder/138/derivatives/models/model_d1.json']' returned non-zero exit status 2.
2025-07-03 14:21:14 [DEBUG] Validating model JSON against BIDS Stats Model schema
2025-07-03 14:21:14 [DEBUG] Running command: python3 validate_bids_model.py /Volumes/Thunder/138/derivatives/models/model_d1.json
2025-07-03 14:21:15 /Volumes/Thunder/bidspm_py/validate_bids_model.py:4: DeprecationWarning: jsonschema.RefResolver is deprecated as of v4.18.0, in favor of the https://github.com/python-jsonschema/referencing library, which provides more compliant referencing behavior as well as more flexible APIs for customization. A future release will remove RefResolver. Please file a feature request (on referencing) if you are missing an API for the kind of customization you need.
  from jsonschema import validate, ValidationError, RefResolver
⚠️  Warning: Model uses non-standard transformer (e.g., 'bidspm'). Ignoring this.

2025-07-03 14:21:15 [DEBUG] Processing subject: 138007, task: nonsymbol
2025-07-03 14:21:15 [DEBUG] Processing subject: 138038, task: nonsymbol
2025-07-03 14:21:15 [DEBUG] Processing subject: 138036, task: nonsymbol
2025-07-03 14:21:15 [DEBUG] Processing subject: 138009, task: nonsymbol
2025-07-03 14:21:15 [DEBUG] Processing subject: 138031, task: nonsymbol
2025-07-03 14:21:15 [DEBUG] Processing subject: 138030, task: nonsymbol
2025-07-03 14:21:15 [DEBUG] Processing subject: 138037, task: nonsymbol
2025-07-03 14:21:15 [DEBUG] Processing subject: 138008, task: nonsymbol
2025-07-03 14:21:15 [DEBUG] Processing subject: 138001, task: nonsymbol
2025-07-03 14:21:15 [DEBUG] Processing subject: 138006, task: nonsymbol
2025-07-03 14:21:15 [DEBUG] Processing subject: 138039, task: nonsymbol
2025-07-03 14:21:15 [DEBUG] Processing subject: 138999, task: nonsymbol
2025-07-03 14:21:15 [DEBUG] Processing subject: 138024, task: nonsymbol
2025-07-03 14:21:15 [DEBUG] Processing subject: 138023, task: nonsymbol
2025-07-03 14:21:15 [DEBUG] Processing subject: 138015, task: nonsymbol
2025-07-03 14:21:15 [DEBUG] Processing subject: 138012, task: nonsymbol
2025-07-03 14:21:15 [DEBUG] Processing subject: 138041, task: nonsymbol
2025-07-03 14:21:15 [DEBUG] Processing subject: 138013, task: nonsymbol
2025-07-03 14:21:15 [DEBUG] Processing subject: 138014, task: nonsymbol
2025-07-03 14:21:15 [DEBUG] Processing subject: 138022, task: nonsymbol
2025-07-03 14:21:15 [DEBUG] Processing subject: 138025, task: nonsymbol
2025-07-03 14:21:15 [DEBUG] Processing subject: 138040, task: nonsymbol
2025-07-03 14:21:15 [DEBUG] Processing subject: 138003, task: nonsymbol
2025-07-03 14:21:15 [DEBUG] Processing subject: 138004, task: nonsymbol
2025-07-03 14:21:15 [DEBUG] Processing subject: 138032, task: nonsymbol
2025-07-03 14:21:15 [DEBUG] Processing subject: 138035, task: nonsymbol
2025-07-03 14:21:15 [DEBUG] Processing subject: 138034, task: nonsymbol
2025-07-03 14:21:15 [DEBUG] Processing subject: 138033, task: nonsymbol
2025-07-03 14:21:15 [DEBUG] Processing subject: 138005, task: nonsymbol
2025-07-03 14:21:15 [DEBUG] Processing subject: 138002, task: nonsymbol
2025-07-03 14:21:15 [DEBUG] Processing subject: 138042, task: nonsymbol
2025-07-03 14:21:15 [DEBUG] Processing subject: 138020, task: nonsymbol
2025-07-03 14:21:15 [DEBUG] Processing subject: 138018, task: nonsymbol
2025-07-03 14:21:15 [DEBUG] Processing subject: 138027, task: nonsymbol
2025-07-03 14:21:15 [DEBUG] Processing subject: 138011, task: nonsymbol
2025-07-03 14:21:15 [DEBUG] Processing subject: 138029, task: nonsymbol
2025-07-03 14:21:15 [DEBUG] Processing subject: 138016, task: nonsymbol
2025-07-03 14:21:15 [DEBUG] Processing subject: 138028, task: nonsymbol
2025-07-03 14:21:15 [DEBUG] Processing subject: 138017, task: nonsymbol
2025-07-03 14:21:15 [DEBUG] Processing subject: 138010, task: nonsymbol
2025-07-03 14:21:15 [DEBUG] Processing subject: 138019, task: nonsymbol
2025-07-03 14:21:15 [DEBUG] Processing subject: 138026, task: nonsymbol
2025-07-03 14:21:15 [DEBUG] Processing subject: 138021, task: nonsymbol
2025-07-03 14:21:15 [DEBUG] Running command: docker run --rm -v /Volumes/Thunder/138:/data cpplab/bidspm:arm64 /data/rawdata /data/derivatives dataset stats --preproc_dir /data/derivatives/bidspm-preproc --model_file /data/derivatives/models/model_d1.json --task nonsymbol --space MNI152NLin6Asym --fwhm 8 --verbosity 0
2025-07-21 14:38:09 [DEBUG] Using Docker with image: cpplab/bidspm:arm64
2025-07-21 14:38:09 [DEBUG] Validating model JSON against BIDS Stats Model schema
2025-07-21 14:38:09 [DEBUG] Running command: python3 validate_bids_model.py /Volumes/Thunder/138/derivatives/models/model_d1.json
2025-07-21 14:38:11 /Volumes/Work/github/bidspm/validate_bids_model.py:4: DeprecationWarning: jsonschema.RefResolver is deprecated as of v4.18.0, in favor of the https://github.com/python-jsonschema/referencing library, which provides more compliant referencing behavior as well as more flexible APIs for customization. A future release will remove RefResolver. Please file a feature request (on referencing) if you are missing an API for the kind of customization you need.
  from jsonschema import validate, ValidationError, RefResolver
⚠️  Warning: Model uses non-standard transformer (e.g., 'bidspm'). Ignoring this.

2025-07-21 14:38:11 [DEBUG] Processing subject: 138007, task: nonsymbol
2025-07-21 14:38:11 [DEBUG] Processing subject: 138038, task: nonsymbol
2025-07-21 14:38:11 [DEBUG] Processing subject: 138036, task: nonsymbol
2025-07-21 14:38:11 [DEBUG] Processing subject: 138009, task: nonsymbol
2025-07-21 14:38:11 [DEBUG] Processing subject: 138031, task: nonsymbol
2025-07-21 14:38:11 [DEBUG] Processing subject: 138030, task: nonsymbol
2025-07-21 14:38:11 [DEBUG] Processing subject: 138037, task: nonsymbol
2025-07-21 14:38:11 [DEBUG] Processing subject: 138008, task: nonsymbol
2025-07-21 14:38:11 [DEBUG] Processing subject: 138001, task: nonsymbol
2025-07-21 14:38:11 [DEBUG] Processing subject: 138006, task: nonsymbol
2025-07-21 14:38:11 [DEBUG] Processing subject: 138039, task: nonsymbol
2025-07-21 14:38:11 [DEBUG] Processing subject: 138999, task: nonsymbol
2025-07-21 14:38:11 [DEBUG] Processing subject: 138024, task: nonsymbol
2025-07-21 14:38:11 [DEBUG] Processing subject: 138023, task: nonsymbol
2025-07-21 14:38:11 [DEBUG] Processing subject: 138015, task: nonsymbol
2025-07-21 14:38:11 [DEBUG] Processing subject: 138012, task: nonsymbol
2025-07-21 14:38:11 [DEBUG] Processing subject: 138041, task: nonsymbol
2025-07-21 14:38:11 [DEBUG] Processing subject: 138013, task: nonsymbol
2025-07-21 14:38:11 [DEBUG] Processing subject: 138014, task: nonsymbol
2025-07-21 14:38:11 [DEBUG] Processing subject: 138022, task: nonsymbol
2025-07-21 14:38:11 [DEBUG] Processing subject: 138025, task: nonsymbol
2025-07-21 14:38:11 [DEBUG] Processing subject: 138040, task: nonsymbol
2025-07-21 14:38:11 [DEBUG] Processing subject: 138003, task: nonsymbol
2025-07-21 14:38:11 [DEBUG] Processing subject: 138004, task: nonsymbol
2025-07-21 14:38:11 [DEBUG] Processing subject: 138032, task: nonsymbol
2025-07-21 14:38:11 [DEBUG] Processing subject: 138035, task: nonsymbol
2025-07-21 14:38:11 [DEBUG] Processing subject: 138034, task: nonsymbol
2025-07-21 14:38:11 [DEBUG] Processing subject: 138033, task: nonsymbol
2025-07-21 14:38:11 [DEBUG] Processing subject: 138005, task: nonsymbol
2025-07-21 14:38:11 [DEBUG] Processing subject: 138002, task: nonsymbol
2025-07-21 14:38:11 [DEBUG] Processing subject: 138042, task: nonsymbol
2025-07-21 14:38:11 [DEBUG] Processing subject: 138020, task: nonsymbol
2025-07-21 14:38:11 [DEBUG] Processing subject: 138018, task: nonsymbol
2025-07-21 14:38:11 [DEBUG] Processing subject: 138027, task: nonsymbol
2025-07-21 14:38:11 [DEBUG] Processing subject: 138011, task: nonsymbol
2025-07-21 14:38:11 [DEBUG] Processing subject: 138029, task: nonsymbol
2025-07-21 14:38:11 [DEBUG] Processing subject: 138016, task: nonsymbol
2025-07-21 14:38:11 [DEBUG] Processing subject: 138028, task: nonsymbol
2025-07-21 14:38:11 [DEBUG] Processing subject: 138017, task: nonsymbol
2025-07-21 14:38:11 [DEBUG] Processing subject: 138010, task: nonsymbol
2025-07-21 14:38:11 [DEBUG] Processing subject: 138019, task: nonsymbol
2025-07-21 14:38:11 [DEBUG] Processing subject: 138026, task: nonsymbol
2025-07-21 14:38:11 [DEBUG] Processing subject: 138021, task: nonsymbol
2025-07-21 14:38:11 [DEBUG] Running command: docker run --rm -v /Volumes/Thunder/138:/data cpplab/bidspm:arm64 /data/rawdata /data/derivatives dataset stats --preproc_dir /data/derivatives/bidspm-preproc --model_file /data/derivatives/models/model_d1.json --task nonsymbol --space MNI152NLin6Asym --fwhm 8 --verbosity 0
2025-07-21 14:38:11 [ERROR] Command failed: Command '['docker', 'run', '--rm', '-v', '/Volumes/Thunder/138:/data', 'cpplab/bidspm:arm64', '/data/rawdata', '/data/derivatives', 'dataset', 'stats', '--preproc_dir', '/data/derivatives/bidspm-preproc', '--model_file', '/data/derivatives/models/model_d1.json', '--task', 'nonsymbol', '--space', 'MNI152NLin6Asym', '--fwhm', '8', '--verbosity', '0']' returned non-zero exit status 125.
2025-07-21 14:42:57 [DEBUG] Using Docker with image: cpplab/bidspm:arm64
2025-07-21 14:42:57 [DEBUG] Validating model JSON against BIDS Stats Model schema
2025-07-21 14:42:57 [DEBUG] Running command: python3 validate_bids_model.py /Volumes/Thunder/138/derivatives/models/model_d1.json
2025-07-21 14:42:58 /Volumes/Work/github/bidspm/validate_bids_model.py:4: DeprecationWarning: jsonschema.RefResolver is deprecated as of v4.18.0, in favor of the https://github.com/python-jsonschema/referencing library, which provides more compliant referencing behavior as well as more flexible APIs for customization. A future release will remove RefResolver. Please file a feature request (on referencing) if you are missing an API for the kind of customization you need.
  from jsonschema import validate, ValidationError, RefResolver
⚠️  Warning: Model uses non-standard transformer (e.g., 'bidspm'). Ignoring this.

2025-07-21 14:42:58 [DEBUG] Processing subject: 138007, task: nonsymbol
2025-07-21 14:42:58 [DEBUG] Processing subject: 138038, task: nonsymbol
2025-07-21 14:42:58 [DEBUG] Processing subject: 138036, task: nonsymbol
2025-07-21 14:42:58 [DEBUG] Processing subject: 138009, task: nonsymbol
2025-07-21 14:42:58 [DEBUG] Processing subject: 138031, task: nonsymbol
2025-07-21 14:42:58 [DEBUG] Processing subject: 138030, task: nonsymbol
2025-07-21 14:42:58 [DEBUG] Processing subject: 138037, task: nonsymbol
2025-07-21 14:42:58 [DEBUG] Processing subject: 138008, task: nonsymbol
2025-07-21 14:42:58 [DEBUG] Processing subject: 138001, task: nonsymbol
2025-07-21 14:42:58 [DEBUG] Processing subject: 138006, task: nonsymbol
2025-07-21 14:42:58 [DEBUG] Processing subject: 138039, task: nonsymbol
2025-07-21 14:42:58 [DEBUG] Processing subject: 138999, task: nonsymbol
2025-07-21 14:42:58 [DEBUG] Processing subject: 138024, task: nonsymbol
2025-07-21 14:42:58 [DEBUG] Processing subject: 138023, task: nonsymbol
2025-07-21 14:42:58 [DEBUG] Processing subject: 138015, task: nonsymbol
2025-07-21 14:42:58 [DEBUG] Processing subject: 138012, task: nonsymbol
2025-07-21 14:42:58 [DEBUG] Processing subject: 138041, task: nonsymbol
2025-07-21 14:42:58 [DEBUG] Processing subject: 138013, task: nonsymbol
2025-07-21 14:42:58 [DEBUG] Processing subject: 138014, task: nonsymbol
2025-07-21 14:42:58 [DEBUG] Processing subject: 138022, task: nonsymbol
2025-07-21 14:42:58 [DEBUG] Processing subject: 138025, task: nonsymbol
2025-07-21 14:42:58 [DEBUG] Processing subject: 138040, task: nonsymbol
2025-07-21 14:42:58 [DEBUG] Processing subject: 138003, task: nonsymbol
2025-07-21 14:42:58 [DEBUG] Processing subject: 138004, task: nonsymbol
2025-07-21 14:42:58 [DEBUG] Processing subject: 138032, task: nonsymbol
2025-07-21 14:42:58 [DEBUG] Processing subject: 138035, task: nonsymbol
2025-07-21 14:42:58 [DEBUG] Processing subject: 138034, task: nonsymbol
2025-07-21 14:42:58 [DEBUG] Processing subject: 138033, task: nonsymbol
2025-07-21 14:42:58 [DEBUG] Processing subject: 138005, task: nonsymbol
2025-07-21 14:42:58 [DEBUG] Processing subject: 138002, task: nonsymbol
2025-07-21 14:42:58 [DEBUG] Processing subject: 138042, task: nonsymbol
2025-07-21 14:42:58 [DEBUG] Processing subject: 138020, task: nonsymbol
2025-07-21 14:42:58 [DEBUG] Processing subject: 138018, task: nonsymbol
2025-07-21 14:42:58 [DEBUG] Processing subject: 138027, task: nonsymbol
2025-07-21 14:42:58 [DEBUG] Processing subject: 138011, task: nonsymbol
2025-07-21 14:42:58 [DEBUG] Processing subject: 138029, task: nonsymbol
2025-07-21 14:42:58 [DEBUG] Processing subject: 138016, task: nonsymbol
2025-07-21 14:42:58 [DEBUG] Processing subject: 138028, task: nonsymbol
2025-07-21 14:42:58 [DEBUG] Processing subject: 138017, task: nonsymbol
2025-07-21 14:42:58 [DEBUG] Processing subject: 138010, task: nonsymbol
2025-07-21 14:42:58 [DEBUG] Processing subject: 138019, task: nonsymbol
2025-07-21 14:42:58 [DEBUG] Processing subject: 138026, task: nonsymbol
2025-07-21 14:42:58 [DEBUG] Processing subject: 138021, task: nonsymbol
2025-07-21 14:42:58 [DEBUG] Running command: docker run --rm -v /Volumes/Thunder/138:/data cpplab/bidspm:arm64 /data/rawdata /data/derivatives dataset stats --preproc_dir /data/derivatives/bidspm-preproc --model_file /data/derivatives/models/model_d1.json --task nonsymbol --space MNI152NLin6Asym --fwhm 8 --verbosity 0
2025-07-21 14:42:58 [ERROR] Command failed: Command '['docker', 'run', '--rm', '-v', '/Volumes/Thunder/138:/data', 'cpplab/bidspm:arm64', '/data/rawdata', '/data/derivatives', 'dataset', 'stats', '--preproc_dir', '/data/derivatives/bidspm-preproc', '--model_file', '/data/derivatives/models/model_d1.json', '--task', 'nonsymbol', '--space', 'MNI152NLin6Asym', '--fwhm', '8', '--verbosity', '0']' returned non-zero exit status 125.
2025-07-21 14:43:07 [DEBUG] Using Docker with image: cpplab/bidspm:arm64
2025-07-21 14:43:07 [DEBUG] Validating model JSON against BIDS Stats Model schema
2025-07-21 14:43:07 [DEBUG] Running command: python3 validate_bids_model.py /Volumes/Thunder/138/derivatives/models/model_d1.json
2025-07-21 14:43:07 /Volumes/Work/github/bidspm/validate_bids_model.py:4: DeprecationWarning: jsonschema.RefResolver is deprecated as of v4.18.0, in favor of the https://github.com/python-jsonschema/referencing library, which provides more compliant referencing behavior as well as more flexible APIs for customization. A future release will remove RefResolver. Please file a feature request (on referencing) if you are missing an API for the kind of customization you need.
  from jsonschema import validate, ValidationError, RefResolver
⚠️  Warning: Model uses non-standard transformer (e.g., 'bidspm'). Ignoring this.

2025-07-21 14:43:07 [DEBUG] Processing subject: 138007, task: nonsymbol
2025-07-21 14:43:07 [DEBUG] Processing subject: 138038, task: nonsymbol
2025-07-21 14:43:07 [DEBUG] Processing subject: 138036, task: nonsymbol
2025-07-21 14:43:07 [DEBUG] Processing subject: 138009, task: nonsymbol
2025-07-21 14:43:07 [DEBUG] Processing subject: 138031, task: nonsymbol
2025-07-21 14:43:07 [DEBUG] Processing subject: 138030, task: nonsymbol
2025-07-21 14:43:07 [DEBUG] Processing subject: 138037, task: nonsymbol
2025-07-21 14:43:07 [DEBUG] Processing subject: 138008, task: nonsymbol
2025-07-21 14:43:07 [DEBUG] Processing subject: 138001, task: nonsymbol
2025-07-21 14:43:07 [DEBUG] Processing subject: 138006, task: nonsymbol
2025-07-21 14:43:07 [DEBUG] Processing subject: 138039, task: nonsymbol
2025-07-21 14:43:07 [DEBUG] Processing subject: 138999, task: nonsymbol
2025-07-21 14:43:07 [DEBUG] Processing subject: 138024, task: nonsymbol
2025-07-21 14:43:07 [DEBUG] Processing subject: 138023, task: nonsymbol
2025-07-21 14:43:07 [DEBUG] Processing subject: 138015, task: nonsymbol
2025-07-21 14:43:07 [DEBUG] Processing subject: 138012, task: nonsymbol
2025-07-21 14:43:07 [DEBUG] Processing subject: 138041, task: nonsymbol
2025-07-21 14:43:07 [DEBUG] Processing subject: 138013, task: nonsymbol
2025-07-21 14:43:07 [DEBUG] Processing subject: 138014, task: nonsymbol
2025-07-21 14:43:07 [DEBUG] Processing subject: 138022, task: nonsymbol
2025-07-21 14:43:07 [DEBUG] Processing subject: 138025, task: nonsymbol
2025-07-21 14:43:07 [DEBUG] Processing subject: 138040, task: nonsymbol
2025-07-21 14:43:07 [DEBUG] Processing subject: 138003, task: nonsymbol
2025-07-21 14:43:07 [DEBUG] Processing subject: 138004, task: nonsymbol
2025-07-21 14:43:07 [DEBUG] Processing subject: 138032, task: nonsymbol
2025-07-21 14:43:07 [DEBUG] Processing subject: 138035, task: nonsymbol
2025-07-21 14:43:07 [DEBUG] Processing subject: 138034, task: nonsymbol
2025-07-21 14:43:07 [DEBUG] Processing subject: 138033, task: nonsymbol
2025-07-21 14:43:07 [DEBUG] Processing subject: 138005, task: nonsymbol
2025-07-21 14:43:07 [DEBUG] Processing subject: 138002, task: nonsymbol
2025-07-21 14:43:07 [DEBUG] Processing subject: 138042, task: nonsymbol
2025-07-21 14:43:07 [DEBUG] Processing subject: 138020, task: nonsymbol
2025-07-21 14:43:07 [DEBUG] Processing subject: 138018, task: nonsymbol
2025-07-21 14:43:07 [DEBUG] Processing subject: 138027, task: nonsymbol
2025-07-21 14:43:07 [DEBUG] Processing subject: 138011, task: nonsymbol
2025-07-21 14:43:07 [DEBUG] Processing subject: 138029, task: nonsymbol
2025-07-21 14:43:07 [DEBUG] Processing subject: 138016, task: nonsymbol
2025-07-21 14:43:07 [DEBUG] Processing subject: 138028, task: nonsymbol
2025-07-21 14:43:07 [DEBUG] Processing subject: 138017, task: nonsymbol
2025-07-21 14:43:07 [DEBUG] Processing subject: 138010, task: nonsymbol
2025-07-21 14:43:07 [DEBUG] Processing subject: 138019, task: nonsymbol
2025-07-21 14:43:07 [DEBUG] Processing subject: 138026, task: nonsymbol
2025-07-21 14:43:07 [DEBUG] Processing subject: 138021, task: nonsymbol
2025-07-21 14:43:07 [DEBUG] Running command: docker run --rm -v /Volumes/Thunder/138:/data cpplab/bidspm:arm64 /data/rawdata /data/derivatives dataset stats --preproc_dir /data/derivatives/bidspm-preproc --model_file /data/derivatives/models/model_d1.json --task nonsymbol --space MNI152NLin6Asym --fwhm 8 --verbosity 0
2025-07-21 14:43:07 [ERROR] Command failed: Command '['docker', 'run', '--rm', '-v', '/Volumes/Thunder/138:/data', 'cpplab/bidspm:arm64', '/data/rawdata', '/data/derivatives', 'dataset', 'stats', '--preproc_dir', '/data/derivatives/bidspm-preproc', '--model_file', '/data/derivatives/models/model_d1.json', '--task', 'nonsymbol', '--space', 'MNI152NLin6Asym', '--fwhm', '8', '--verbosity', '0']' returned non-zero exit status 125.
2025-07-21 16:00:31 [ERROR] WD '/data/local/107_JM01' does not exist or is not a directory!
